2018-10-24 23:54:31 [main] INFO  com.epam.geometry.com.epam.geometry.reader.FileReader - File:src/main/resources/data_files/correctData1.txt was successfully read
2018-10-26 23:03:33 [main] INFO  com.epam.geometry.com.epam.geometry.register.TetrahedronRegister - TetrahedronRepository was: is created
2018-10-26 23:03:33 [main] INFO  com.epam.geometry.com.epam.geometry.register.TetrahedronRegister - TetrahedronRegister is updated
2018-10-26 23:03:33 [main] INFO  com.epam.geometry.com.epam.geometry.register.TetrahedronRegister - TetrahedronRegister is updated
2018-10-27 16:36:31 [main] INFO  com.epam.geometry.reader.FileReader - File:src/main/resources/data_files/correctData1.txt was successfully read
2018-11-04 11:10:21 [main] INFO  com.epam.geometry.reader.FileReader - File:src/main/resources/data_files/correctData1.txt was successfully read
2018-11-04 11:10:21 [main] INFO  com.epam.geometry.reader.FileReader - Parse was successful complete
2018-11-04 11:10:21 [main] INFO  com.epam.geometry.reader.FileReader - Parse was successful complete
2018-11-04 11:10:21 [main] INFO  com.epam.geometry.director.DataDirector - Tetrahedrons was created
2018-11-04 11:10:21 [main] INFO  com.epam.geometry.reader.FileReader - File:src/main/resources/data_files/correctData2.txt was successfully read
2018-11-04 11:10:21 [main] INFO  com.epam.geometry.reader.FileReader - Parse was successful complete
2018-11-04 11:10:21 [main] INFO  com.epam.geometry.director.DataDirector - Tetrahedrons was created
2018-11-04 11:10:21 [main] INFO  com.epam.geometry.reader.FileReader - File:src/main/resources/data_files/incorrectData1.txt was successfully read
2018-11-04 11:10:21 [main] WARN  com.epam.geometry.director.DataDirector - Was met incorrect data:1.0 2.3 3.6,3.2 4.2 1.2,3.2 5.2 1.k,5.6 2.1 7.6
2018-11-04 11:10:21 [main] WARN  com.epam.geometry.director.DataDirector - Was met incorrect data:1.0 2.3 3.6,3.2 4.2 1.2,3.2 5.2 qweas 4,5,5.6 2.1 7.6
2018-11-04 11:10:21 [main] INFO  com.epam.geometry.reader.FileReader - Parse was successful complete
2018-11-04 11:10:21 [main] WARN  com.epam.geometry.director.DataDirector - Was met incorrect data:1.0 2.3 3.6,3.2 4.2 1.2,3.2 5.2,5.6 2.1 7.6
2018-11-04 11:10:21 [main] INFO  com.epam.geometry.director.DataDirector - Tetrahedrons was created
2018-11-04 11:11:00 [main] INFO  com.epam.geometry.reader.FileReader - Parse was successful complete
2018-11-04 11:11:00 [main] INFO  com.epam.geometry.reader.FileReader - Parse was successful complete
2018-11-04 11:11:00 [main] INFO  com.epam.geometry.reader.FileReader - Parse was successful complete
2018-11-04 11:11:09 [main] INFO  com.epam.geometry.reader.FileReader - File:src/main/resources/data_files/correctData1.txt was successfully read
2018-11-04 11:12:20 [main] INFO  com.epam.geometry.registar.TetrahedronRegister - TetrahedronRepository was: is created
2018-11-04 11:12:20 [main] INFO  com.epam.geometry.registar.TetrahedronRegister - TetrahedronRegister is updated
2018-11-04 11:12:20 [main] INFO  com.epam.geometry.registar.TetrahedronRegister - TetrahedronRegister is updated
2018-11-04 11:12:20 [main] INFO  com.epam.geometry.registar.TetrahedronRegister - TetrahedronRegister is updated
2018-11-04 11:48:36 [main] INFO  com.epam.geometry.reader.FileReader - File:src/main/resources/data_files/correctData1.txt was successfully read
2018-11-04 11:48:36 [main] INFO  com.epam.geometry.reader.FileReader - Parse was successful complete
2018-11-04 11:48:36 [main] INFO  com.epam.geometry.reader.FileReader - Parse was successful complete
2018-11-04 11:48:36 [main] INFO  com.epam.geometry.director.DataDirector - Tetrahedrons was created
2018-11-04 11:48:36 [main] INFO  com.epam.geometry.reader.FileReader - File:src/main/resources/data_files/correctData2.txt was successfully read
2018-11-04 11:48:36 [main] INFO  com.epam.geometry.reader.FileReader - Parse was successful complete
2018-11-04 11:48:36 [main] INFO  com.epam.geometry.director.DataDirector - Tetrahedrons was created
2018-11-04 11:48:36 [main] INFO  com.epam.geometry.reader.FileReader - File:src/main/resources/data_files/incorrectData1.txt was successfully read
2018-11-04 11:48:36 [main] WARN  com.epam.geometry.director.DataDirector - Was met incorrect data:1.0 2.3 3.6,3.2 4.2 1.2,3.2 5.2 1.k,5.6 2.1 7.6
2018-11-04 11:48:36 [main] WARN  com.epam.geometry.director.DataDirector - Was met incorrect data:1.0 2.3 3.6,3.2 4.2 1.2,3.2 5.2 qweas 4,5,5.6 2.1 7.6
2018-11-04 11:48:36 [main] INFO  com.epam.geometry.reader.FileReader - Parse was successful complete
2018-11-04 11:48:36 [main] WARN  com.epam.geometry.director.DataDirector - Was met incorrect data:1.0 2.3 3.6,3.2 4.2 1.2,3.2 5.2,5.6 2.1 7.6
2018-11-04 11:48:36 [main] INFO  com.epam.geometry.director.DataDirector - Tetrahedrons was created
2018-11-04 11:48:36 [main] INFO  com.epam.geometry.reader.FileReader - Parse was successful complete
2018-11-04 11:48:37 [main] INFO  com.epam.geometry.reader.FileReader - Parse was successful complete
2018-11-04 11:48:37 [main] INFO  com.epam.geometry.reader.FileReader - Parse was successful complete
2018-11-04 11:48:37 [main] INFO  com.epam.geometry.reader.FileReader - File:src/main/resources/data_files/correctData1.txt was successfully read
2018-11-04 11:48:37 [main] INFO  com.epam.geometry.registar.TetrahedronRegister - TetrahedronRepository was: is created
2018-11-04 11:48:37 [main] INFO  com.epam.geometry.registar.TetrahedronRegister - TetrahedronRegister is updated
2018-11-04 11:48:37 [main] INFO  com.epam.geometry.registar.TetrahedronRegister - TetrahedronRegister is updated
2018-11-04 11:48:37 [main] INFO  com.epam.geometry.registar.TetrahedronRegister - TetrahedronRegister is updated
2018-11-04 11:49:07 [main] INFO  com.epam.geometry.reader.FileReader - File:src/main/resources/data_files/correctData1.txt was successfully read
2018-11-04 11:49:07 [main] INFO  com.epam.geometry.reader.FileReader - Parse was successful complete
2018-11-04 11:49:07 [main] INFO  com.epam.geometry.reader.FileReader - Parse was successful complete
2018-11-04 11:49:07 [main] INFO  com.epam.geometry.director.DataDirector - Tetrahedrons was created
2018-11-04 11:49:07 [main] INFO  com.epam.geometry.reader.FileReader - File:src/main/resources/data_files/correctData2.txt was successfully read
2018-11-04 11:49:07 [main] INFO  com.epam.geometry.reader.FileReader - Parse was successful complete
2018-11-04 11:49:07 [main] INFO  com.epam.geometry.director.DataDirector - Tetrahedrons was created
2018-11-04 11:49:07 [main] INFO  com.epam.geometry.reader.FileReader - File:src/main/resources/data_files/incorrectData1.txt was successfully read
2018-11-04 11:49:07 [main] WARN  com.epam.geometry.director.DataDirector - Was met incorrect data:1.0 2.3 3.6,3.2 4.2 1.2,3.2 5.2 1.k,5.6 2.1 7.6
2018-11-04 11:49:07 [main] WARN  com.epam.geometry.director.DataDirector - Was met incorrect data:1.0 2.3 3.6,3.2 4.2 1.2,3.2 5.2 qweas 4,5,5.6 2.1 7.6
2018-11-04 11:49:07 [main] INFO  com.epam.geometry.reader.FileReader - Parse was successful complete
2018-11-04 11:49:07 [main] WARN  com.epam.geometry.director.DataDirector - Was met incorrect data:1.0 2.3 3.6,3.2 4.2 1.2,3.2 5.2,5.6 2.1 7.6
2018-11-04 11:49:07 [main] INFO  com.epam.geometry.director.DataDirector - Tetrahedrons was created
2018-11-04 11:49:07 [main] INFO  com.epam.geometry.reader.FileReader - Parse was successful complete
2018-11-04 11:49:07 [main] INFO  com.epam.geometry.reader.FileReader - Parse was successful complete
2018-11-04 11:49:07 [main] INFO  com.epam.geometry.reader.FileReader - Parse was successful complete
2018-11-04 11:49:07 [main] INFO  com.epam.geometry.reader.FileReader - File:src/main/resources/data_files/correctData1.txt was successfully read
2018-11-04 11:49:07 [main] INFO  com.epam.geometry.registar.TetrahedronRegister - TetrahedronRepository was: is created
2018-11-04 11:49:07 [main] INFO  com.epam.geometry.registar.TetrahedronRegister - TetrahedronRegister is updated
2018-11-04 11:49:07 [main] INFO  com.epam.geometry.registar.TetrahedronRegister - TetrahedronRegister is updated
2018-11-04 11:49:07 [main] INFO  com.epam.geometry.registar.TetrahedronRegister - TetrahedronRegister is updated
2018-11-04 11:51:19 [main] INFO  com.epam.geometry.reader.FileReader - File:src/main/resources/data_files/correctData1.txt was successfully read
2018-11-04 11:51:19 [main] INFO  com.epam.geometry.reader.FileReader - Parse was successful complete
2018-11-04 11:51:19 [main] INFO  com.epam.geometry.reader.FileReader - Parse was successful complete
2018-11-04 11:51:19 [main] INFO  com.epam.geometry.director.DataDirector - Tetrahedrons was created
2018-11-04 11:51:19 [main] INFO  com.epam.geometry.reader.FileReader - File:src/main/resources/data_files/correctData2.txt was successfully read
2018-11-04 11:51:19 [main] INFO  com.epam.geometry.reader.FileReader - Parse was successful complete
2018-11-04 11:51:19 [main] INFO  com.epam.geometry.director.DataDirector - Tetrahedrons was created
2018-11-04 11:51:19 [main] INFO  com.epam.geometry.reader.FileReader - File:src/main/resources/data_files/incorrectData1.txt was successfully read
2018-11-04 11:51:19 [main] WARN  com.epam.geometry.director.DataDirector - Was met incorrect data:1.0 2.3 3.6,3.2 4.2 1.2,3.2 5.2 1.k,5.6 2.1 7.6
2018-11-04 11:51:19 [main] WARN  com.epam.geometry.director.DataDirector - Was met incorrect data:1.0 2.3 3.6,3.2 4.2 1.2,3.2 5.2 qweas 4,5,5.6 2.1 7.6
2018-11-04 11:51:19 [main] INFO  com.epam.geometry.reader.FileReader - Parse was successful complete
2018-11-04 11:51:19 [main] WARN  com.epam.geometry.director.DataDirector - Was met incorrect data:1.0 2.3 3.6,3.2 4.2 1.2,3.2 5.2,5.6 2.1 7.6
2018-11-04 11:51:19 [main] INFO  com.epam.geometry.director.DataDirector - Tetrahedrons was created
2018-11-04 11:51:19 [main] INFO  com.epam.geometry.reader.FileReader - Parse was successful complete
2018-11-04 11:51:19 [main] INFO  com.epam.geometry.reader.FileReader - Parse was successful complete
2018-11-04 11:51:19 [main] INFO  com.epam.geometry.reader.FileReader - Parse was successful complete
2018-11-04 11:51:19 [main] INFO  com.epam.geometry.reader.FileReader - File:src/main/resources/data_files/correctData1.txt was successfully read
2018-11-04 11:51:19 [main] INFO  com.epam.geometry.registar.TetrahedronRegister - TetrahedronRepository was: is created
2018-11-04 11:51:19 [main] INFO  com.epam.geometry.registar.TetrahedronRegister - TetrahedronRegister is updated
2018-11-04 11:51:19 [main] INFO  com.epam.geometry.registar.TetrahedronRegister - TetrahedronRegister is updated
2018-11-04 11:51:19 [main] INFO  com.epam.geometry.registar.TetrahedronRegister - TetrahedronRegister is updated
2018-11-04 12:05:24 [main] INFO  com.epam.geometry.reader.FileReader - File:src/main/resources/data_files/correctData1.txt was successfully read
2018-11-04 12:05:24 [main] INFO  com.epam.geometry.reader.FileReader - Parse was successful complete
2018-11-04 12:05:24 [main] INFO  com.epam.geometry.reader.FileReader - Parse was successful complete
2018-11-04 12:05:24 [main] INFO  com.epam.geometry.director.DataDirector - Tetrahedrons was created
2018-11-04 12:05:24 [main] INFO  com.epam.geometry.reader.FileReader - File:src/main/resources/data_files/correctData2.txt was successfully read
2018-11-04 12:05:24 [main] INFO  com.epam.geometry.reader.FileReader - Parse was successful complete
2018-11-04 12:05:24 [main] INFO  com.epam.geometry.director.DataDirector - Tetrahedrons was created
2018-11-04 12:05:24 [main] INFO  com.epam.geometry.reader.FileReader - File:src/main/resources/data_files/incorrectData1.txt was successfully read
2018-11-04 12:05:24 [main] WARN  com.epam.geometry.director.DataDirector - Was met incorrect data:1.0 2.3 3.6,3.2 4.2 1.2,3.2 5.2 1.k,5.6 2.1 7.6
2018-11-04 12:05:24 [main] WARN  com.epam.geometry.director.DataDirector - Was met incorrect data:1.0 2.3 3.6,3.2 4.2 1.2,3.2 5.2 qweas 4,5,5.6 2.1 7.6
2018-11-04 12:05:24 [main] INFO  com.epam.geometry.reader.FileReader - Parse was successful complete
2018-11-04 12:05:24 [main] WARN  com.epam.geometry.director.DataDirector - Was met incorrect data:1.0 2.3 3.6,3.2 4.2 1.2,3.2 5.2,5.6 2.1 7.6
2018-11-04 12:05:24 [main] INFO  com.epam.geometry.director.DataDirector - Tetrahedrons was created
2018-11-04 12:05:24 [main] INFO  com.epam.geometry.reader.FileReader - Parse was successful complete
2018-11-04 12:05:24 [main] INFO  com.epam.geometry.reader.FileReader - Parse was successful complete
2018-11-04 12:05:24 [main] INFO  com.epam.geometry.reader.FileReader - Parse was successful complete
2018-11-04 12:05:24 [main] INFO  com.epam.geometry.reader.FileReader - File:src/main/resources/data_files/correctData1.txt was successfully read
2018-11-04 12:05:24 [main] INFO  com.epam.geometry.registar.TetrahedronRegister - TetrahedronRepository was: is created
2018-11-04 12:05:24 [main] INFO  com.epam.geometry.registar.TetrahedronRegister - TetrahedronRegister is updated
2018-11-04 12:05:24 [main] INFO  com.epam.geometry.registar.TetrahedronRegister - TetrahedronRegister is updated
2018-11-04 12:05:24 [main] INFO  com.epam.geometry.registar.TetrahedronRegister - TetrahedronRegister is updated
