2018-11-27 00:10:46 [main] INFO  ExpressionConverter - All expressions in the text were replaced by numbers
2018-11-27 00:10:46 [main] INFO  ExpressionConverter - All expressions in the text were replaced by numbers
2018-11-27 00:10:46 [main] INFO  ExpressionConverter - All expressions in the text were replaced by numbers
2018-11-27 00:10:46 [main] INFO  ExpressionConverter - All expressions in the text were replaced by numbers
2018-11-27 00:10:46 [main] INFO  ExpressionConverter - All expressions in the text were replaced by numbers
2018-11-27 00:10:46 [main] INFO  ExpressionConverter - All expressions in the text were replaced by numbers
2018-11-27 00:10:46 [main] INFO  ExpressionConverter - All expressions in the text were replaced by numbers
2018-11-27 00:12:26 [main] INFO  com.epam.infohandling.parser.ParagraphParser - Paragraph was parsed on sentences
2018-11-27 00:12:26 [main] INFO  com.epam.infohandling.parser.ParagraphParser - Paragraph was parsed on sentences
2018-11-27 00:12:26 [main] INFO  com.epam.infohandling.parser.ParagraphParser - Paragraph was parsed on sentences
2018-11-27 00:12:26 [main] INFO  com.epam.infohandling.parser.ParagraphParser - Paragraph was parsed on sentences
2018-11-27 00:12:26 [main] INFO  com.epam.infohandling.parser.TextParser - Text was parsed on paragraphs
2018-11-27 00:12:26 [main] INFO  ExpressionConverter - All expressions in the text were replaced by numbers
2018-11-27 00:12:26 [main] INFO  ExpressionConverter - All expressions in the text were replaced by numbers
2018-11-27 00:12:26 [main] INFO  ExpressionConverter - All expressions in the text were replaced by numbers
2018-11-27 00:12:26 [main] INFO  ExpressionConverter - All expressions in the text were replaced by numbers
2018-11-27 00:12:26 [main] INFO  ExpressionConverter - All expressions in the text were replaced by numbers
2018-11-27 00:12:26 [main] INFO  ExpressionConverter - All expressions in the text were replaced by numbers
2018-11-27 00:12:26 [main] INFO  ExpressionConverter - All expressions in the text were replaced by numbers
2018-11-27 00:12:26 [main] INFO  ExpressionConverter - All expressions in the text were replaced by numbers
2018-11-27 00:12:26 [main] INFO  ExpressionConverter - All expressions in the text were replaced by numbers
2018-11-27 00:12:26 [main] INFO  ExpressionConverter - All expressions in the text were replaced by numbers
2018-11-27 00:12:26 [main] INFO  ExpressionConverter - All expressions in the text were replaced by numbers
2018-11-27 00:12:26 [main] INFO  ExpressionConverter - All expressions in the text were replaced by numbers
2018-11-27 00:12:26 [main] INFO  ExpressionConverter - All expressions in the text were replaced by numbers
2018-11-27 00:12:26 [main] INFO  ExpressionConverter - All expressions in the text were replaced by numbers
2018-11-27 00:12:26 [main] INFO  ExpressionConverter - All expressions in the text were replaced by numbers
2018-11-27 00:12:26 [main] INFO  ExpressionConverter - All expressions in the text were replaced by numbers
2018-11-27 00:12:26 [main] INFO  ExpressionConverter - All expressions in the text were replaced by numbers
2018-11-27 00:12:26 [main] INFO  ExpressionConverter - All expressions in the text were replaced by numbers
2018-11-27 00:12:26 [main] INFO  ExpressionConverter - All expressions in the text were replaced by numbers
2018-11-27 00:12:26 [main] INFO  ExpressionConverter - All expressions in the text were replaced by numbers
2018-11-27 00:12:26 [main] INFO  ExpressionConverter - All expressions in the text were replaced by numbers
2018-11-27 00:12:26 [main] INFO  ExpressionConverter - All expressions in the text were replaced by numbers
2018-11-27 00:12:26 [main] INFO  ExpressionConverter - All expressions in the text were replaced by numbers
2018-11-27 00:12:26 [main] INFO  ExpressionConverter - All expressions in the text were replaced by numbers
2018-11-27 00:12:26 [main] INFO  ExpressionConverter - All expressions in the text were replaced by numbers
2018-11-27 00:12:26 [main] INFO  ExpressionConverter - All expressions in the text were replaced by numbers
2018-11-27 00:12:26 [main] INFO  ExpressionConverter - All expressions in the text were replaced by numbers
2018-11-27 00:12:26 [main] INFO  ExpressionConverter - All expressions in the text were replaced by numbers
2018-11-27 00:12:26 [main] INFO  ExpressionConverter - All expressions in the text were replaced by numbers
2018-11-27 00:12:26 [main] INFO  ExpressionConverter - All expressions in the text were replaced by numbers
2018-11-27 00:12:26 [main] INFO  ExpressionConverter - All expressions in the text were replaced by numbers
2018-11-27 00:12:26 [main] INFO  ExpressionConverter - All expressions in the text were replaced by numbers
2018-11-27 00:12:26 [main] INFO  ExpressionConverter - All expressions in the text were replaced by numbers
2018-11-27 00:12:26 [main] INFO  ExpressionConverter - All expressions in the text were replaced by numbers
2018-11-27 00:12:26 [main] INFO  ExpressionConverter - All expressions in the text were replaced by numbers
2018-11-27 00:12:26 [main] INFO  ExpressionConverter - All expressions in the text were replaced by numbers
2018-11-27 00:12:26 [main] INFO  ExpressionConverter - All expressions in the text were replaced by numbers
2018-11-27 00:12:26 [main] INFO  ExpressionConverter - All expressions in the text were replaced by numbers
2018-11-27 00:12:26 [main] INFO  ExpressionConverter - All expressions in the text were replaced by numbers
2018-11-27 00:12:26 [main] INFO  ExpressionConverter - All expressions in the text were replaced by numbers
2018-11-27 00:12:26 [main] INFO  ExpressionConverter - All expressions in the text were replaced by numbers
2018-11-27 00:12:26 [main] INFO  ExpressionConverter - All expressions in the text were replaced by numbers
2018-11-27 00:12:26 [main] INFO  ExpressionConverter - All expressions in the text were replaced by numbers
2018-11-27 00:12:26 [main] INFO  ExpressionConverter - All expressions in the text were replaced by numbers
2018-11-27 00:12:26 [main] INFO  ExpressionConverter - All expressions in the text were replaced by numbers
2018-11-27 00:12:26 [main] INFO  ExpressionConverter - All expressions in the text were replaced by numbers
2018-11-27 00:12:26 [main] INFO  ExpressionConverter - All expressions in the text were replaced by numbers
2018-11-27 00:12:26 [main] INFO  ExpressionConverter - All expressions in the text were replaced by numbers
2018-11-27 00:12:26 [main] INFO  ExpressionConverter - All expressions in the text were replaced by numbers
2018-11-27 00:12:26 [main] INFO  ExpressionConverter - All expressions in the text were replaced by numbers
2018-11-27 00:12:26 [main] INFO  ExpressionConverter - All expressions in the text were replaced by numbers
2018-11-27 00:12:26 [main] INFO  ExpressionConverter - All expressions in the text were replaced by numbers
2018-11-27 00:12:26 [main] INFO  ExpressionConverter - All expressions in the text were replaced by numbers
2018-11-27 00:12:26 [main] INFO  ExpressionConverter - All expressions in the text were replaced by numbers
2018-11-27 00:12:26 [main] INFO  ExpressionConverter - All expressions in the text were replaced by numbers
2018-11-27 00:12:26 [main] INFO  ExpressionConverter - All expressions in the text were replaced by numbers
2018-11-27 00:12:26 [main] INFO  ExpressionConverter - All expressions in the text were replaced by numbers
2018-11-27 00:12:26 [main] INFO  ExpressionConverter - All expressions in the text were replaced by numbers
2018-11-27 00:12:26 [main] INFO  ExpressionConverter - All expressions in the text were replaced by numbers
2018-11-27 00:12:26 [main] INFO  ExpressionConverter - All expressions in the text were replaced by numbers
2018-11-27 00:12:26 [main] INFO  ExpressionConverter - All expressions in the text were replaced by numbers
2018-11-27 00:12:26 [main] INFO  ExpressionConverter - All expressions in the text were replaced by numbers
2018-11-27 00:12:26 [main] INFO  ExpressionConverter - All expressions in the text were replaced by numbers
2018-11-27 00:12:26 [main] INFO  ExpressionConverter - All expressions in the text were replaced by numbers
2018-11-27 00:12:26 [main] INFO  ExpressionConverter - All expressions in the text were replaced by numbers
2018-11-27 00:12:26 [main] INFO  ExpressionConverter - All expressions in the text were replaced by numbers
2018-11-27 00:12:26 [main] INFO  ExpressionConverter - All expressions in the text were replaced by numbers
2018-11-27 00:12:26 [main] INFO  ExpressionConverter - All expressions in the text were replaced by numbers
2018-11-27 00:12:26 [main] INFO  ExpressionConverter - All expressions in the text were replaced by numbers
2018-11-27 00:12:26 [main] INFO  ExpressionConverter - All expressions in the text were replaced by numbers
2018-11-27 00:12:26 [main] INFO  ExpressionConverter - All expressions in the text were replaced by numbers
2018-11-27 00:12:26 [main] INFO  ExpressionConverter - All expressions in the text were replaced by numbers
2018-11-27 00:12:26 [main] INFO  ExpressionConverter - All expressions in the text were replaced by numbers
2018-11-27 00:12:26 [main] INFO  ExpressionConverter - All expressions in the text were replaced by numbers
2018-11-27 00:12:26 [main] INFO  ExpressionConverter - All expressions in the text were replaced by numbers
2018-11-27 00:12:26 [main] INFO  ExpressionConverter - All expressions in the text were replaced by numbers
2018-11-27 00:12:26 [main] INFO  ExpressionConverter - All expressions in the text were replaced by numbers
2018-11-27 00:12:26 [main] INFO  ExpressionConverter - All expressions in the text were replaced by numbers
2018-11-27 00:12:26 [main] INFO  ExpressionConverter - All expressions in the text were replaced by numbers
2018-11-27 00:12:26 [main] INFO  ExpressionConverter - All expressions in the text were replaced by numbers
2018-11-27 00:12:26 [main] INFO  ExpressionConverter - All expressions in the text were replaced by numbers
2018-11-27 00:12:26 [main] INFO  ExpressionConverter - All expressions in the text were replaced by numbers
2018-11-27 00:12:26 [main] INFO  ExpressionConverter - All expressions in the text were replaced by numbers
2018-11-27 00:12:26 [main] INFO  ExpressionConverter - All expressions in the text were replaced by numbers
2018-11-27 00:12:26 [main] INFO  ExpressionConverter - All expressions in the text were replaced by numbers
2018-11-27 00:12:26 [main] INFO  ExpressionConverter - All expressions in the text were replaced by numbers
2018-11-27 00:12:26 [main] INFO  ExpressionConverter - All expressions in the text were replaced by numbers
2018-11-27 00:12:26 [main] INFO  ExpressionConverter - All expressions in the text were replaced by numbers
2018-11-27 00:12:26 [main] INFO  ExpressionConverter - All expressions in the text were replaced by numbers
2018-11-27 00:12:26 [main] INFO  ExpressionConverter - All expressions in the text were replaced by numbers
2018-11-27 00:12:26 [main] INFO  ExpressionConverter - All expressions in the text were replaced by numbers
2018-11-27 00:12:26 [main] INFO  ExpressionConverter - All expressions in the text were replaced by numbers
2018-11-27 00:12:26 [main] INFO  ExpressionConverter - All expressions in the text were replaced by numbers
2018-11-27 00:12:26 [main] INFO  ExpressionConverter - All expressions in the text were replaced by numbers
2018-11-27 00:12:26 [main] INFO  ExpressionConverter - All expressions in the text were replaced by numbers
2018-11-27 00:12:26 [main] INFO  ExpressionConverter - All expressions in the text were replaced by numbers
2018-11-27 00:12:26 [main] INFO  ExpressionConverter - All expressions in the text were replaced by numbers
2018-11-27 00:12:26 [main] INFO  ExpressionConverter - All expressions in the text were replaced by numbers
2018-11-27 00:12:26 [main] INFO  ExpressionConverter - All expressions in the text were replaced by numbers
2018-11-27 00:12:26 [main] INFO  ExpressionConverter - All expressions in the text were replaced by numbers
2018-11-27 00:12:26 [main] INFO  ExpressionConverter - All expressions in the text were replaced by numbers
2018-11-27 00:12:26 [main] INFO  ExpressionConverter - All expressions in the text were replaced by numbers
2018-11-27 00:12:26 [main] INFO  ExpressionConverter - All expressions in the text were replaced by numbers
2018-11-27 00:12:26 [main] INFO  ExpressionConverter - All expressions in the text were replaced by numbers
2018-11-27 00:12:26 [main] INFO  ExpressionConverter - All expressions in the text were replaced by numbers
2018-11-27 00:12:26 [main] INFO  ExpressionConverter - All expressions in the text were replaced by numbers
2018-11-27 00:12:26 [main] INFO  ExpressionConverter - All expressions in the text were replaced by numbers
2018-11-27 00:12:26 [main] INFO  ExpressionConverter - All expressions in the text were replaced by numbers
2018-11-27 00:12:26 [main] INFO  ExpressionConverter - All expressions in the text were replaced by numbers
2018-11-27 00:12:26 [main] INFO  ExpressionConverter - All expressions in the text were replaced by numbers
2018-11-27 00:12:26 [main] INFO  ExpressionConverter - All expressions in the text were replaced by numbers
2018-11-27 00:12:26 [main] INFO  ExpressionConverter - All expressions in the text were replaced by numbers
2018-11-27 00:12:26 [main] INFO  ExpressionConverter - All expressions in the text were replaced by numbers
2018-11-27 00:12:26 [main] INFO  ExpressionConverter - All expressions in the text were replaced by numbers
2018-11-27 00:12:26 [main] INFO  ExpressionConverter - All expressions in the text were replaced by numbers
2018-11-27 00:12:26 [main] INFO  ExpressionConverter - All expressions in the text were replaced by numbers
2018-11-27 00:12:26 [main] INFO  ExpressionConverter - All expressions in the text were replaced by numbers
2018-11-27 00:12:26 [main] INFO  ExpressionConverter - All expressions in the text were replaced by numbers
2018-11-27 00:12:26 [main] INFO  ExpressionConverter - All expressions in the text were replaced by numbers
2018-11-27 00:12:26 [main] INFO  ExpressionConverter - All expressions in the text were replaced by numbers
2018-11-27 00:12:26 [main] INFO  ExpressionConverter - All expressions in the text were replaced by numbers
2018-11-27 00:12:26 [main] INFO  ExpressionConverter - All expressions in the text were replaced by numbers
2018-11-27 00:12:26 [main] INFO  ExpressionConverter - All expressions in the text were replaced by numbers
2018-11-27 00:12:26 [main] INFO  ExpressionConverter - All expressions in the text were replaced by numbers
2018-11-27 00:12:26 [main] INFO  ExpressionConverter - All expressions in the text were replaced by numbers
2018-11-27 00:12:26 [main] INFO  ExpressionConverter - All expressions in the text were replaced by numbers
2018-11-27 00:12:26 [main] INFO  ExpressionConverter - All expressions in the text were replaced by numbers
2018-11-27 00:12:26 [main] INFO  ExpressionConverter - All expressions in the text were replaced by numbers
2018-11-27 00:12:26 [main] INFO  ExpressionConverter - All expressions in the text were replaced by numbers
2018-11-27 00:12:26 [main] INFO  ExpressionConverter - All expressions in the text were replaced by numbers
2018-11-27 00:12:26 [main] INFO  ExpressionConverter - All expressions in the text were replaced by numbers
2018-11-27 00:12:26 [main] INFO  ExpressionConverter - All expressions in the text were replaced by numbers
2018-11-27 00:12:26 [main] INFO  ExpressionConverter - All expressions in the text were replaced by numbers
2018-11-27 00:12:26 [main] INFO  ExpressionConverter - All expressions in the text were replaced by numbers
2018-11-27 00:12:26 [main] INFO  ExpressionConverter - All expressions in the text were replaced by numbers
2018-11-27 00:12:47 [main] INFO  ExpressionConverter - All expressions in the text were replaced by numbers
2018-11-27 00:12:47 [main] INFO  ExpressionConverter - All expressions in the text were replaced by numbers
2018-11-27 00:12:47 [main] INFO  ExpressionConverter - All expressions in the text were replaced by numbers
2018-11-27 00:13:23 [main] INFO  ExpressionConverter - All expressions in the text were replaced by numbers
2018-11-27 00:13:23 [main] INFO  ExpressionConverter - All expressions in the text were replaced by numbers
2018-11-27 00:13:23 [main] INFO  ExpressionConverter - All expressions in the text were replaced by numbers
2018-11-27 00:14:39 [main] INFO  com.epam.infohandling.parser.ParagraphParser - Paragraph was parsed on sentences
2018-11-27 00:14:39 [main] INFO  com.epam.infohandling.parser.ParagraphParser - Paragraph was parsed on sentences
2018-11-27 00:14:39 [main] INFO  com.epam.infohandling.parser.ParagraphParser - Paragraph was parsed on sentences
2018-11-27 00:14:39 [main] INFO  com.epam.infohandling.parser.ParagraphParser - Paragraph was parsed on sentences
2018-11-27 00:14:39 [main] INFO  com.epam.infohandling.parser.TextParser - Text was parsed on paragraphs
2018-11-27 00:19:35 [main] INFO  com.epam.infohandling.parser.ParagraphParser - Paragraph was parsed on sentences
2018-11-27 00:19:35 [main] INFO  com.epam.infohandling.parser.ParagraphParser - Paragraph was parsed on sentences
2018-11-27 00:19:35 [main] INFO  com.epam.infohandling.parser.ParagraphParser - Paragraph was parsed on sentences
2018-11-27 00:19:35 [main] INFO  com.epam.infohandling.parser.ParagraphParser - Paragraph was parsed on sentences
2018-11-27 00:19:35 [main] INFO  com.epam.infohandling.parser.TextParser - Text was parsed on paragraphs
2018-11-27 00:19:35 [main] INFO  ExpressionConverter - All expressions in the text were replaced by numbers
2018-11-27 00:19:35 [main] INFO  ExpressionConverter - All expressions in the text were replaced by numbers
2018-11-27 00:19:58 [main] INFO  com.epam.infohandling.parser.ParagraphParser - Paragraph was parsed on sentences
2018-11-27 00:19:58 [main] INFO  com.epam.infohandling.parser.ParagraphParser - Paragraph was parsed on sentences
2018-11-27 00:19:58 [main] INFO  com.epam.infohandling.parser.ParagraphParser - Paragraph was parsed on sentences
2018-11-27 00:19:58 [main] INFO  com.epam.infohandling.parser.ParagraphParser - Paragraph was parsed on sentences
2018-11-27 00:19:58 [main] INFO  com.epam.infohandling.parser.TextParser - Text was parsed on paragraphs
2018-11-27 00:19:58 [main] INFO  ExpressionConverter - All expressions in the text were replaced by numbers
2018-11-27 00:19:58 [main] INFO  ExpressionConverter - All expressions in the text were replaced by numbers
2018-11-27 00:21:03 [main] INFO  com.epam.infohandling.parser.ParagraphParser - Paragraph was parsed on sentences
2018-11-27 00:21:03 [main] INFO  com.epam.infohandling.parser.ParagraphParser - Paragraph was parsed on sentences
2018-11-27 00:21:03 [main] INFO  com.epam.infohandling.parser.ParagraphParser - Paragraph was parsed on sentences
2018-11-27 00:21:03 [main] INFO  com.epam.infohandling.parser.ParagraphParser - Paragraph was parsed on sentences
2018-11-27 00:21:03 [main] INFO  com.epam.infohandling.parser.TextParser - Text was parsed on paragraphs
2018-11-27 00:21:03 [main] INFO  ExpressionConverter - All expressions in the text were replaced by numbers
2018-11-27 00:21:03 [main] INFO  ExpressionConverter - All expressions in the text were replaced by numbers
2018-11-27 00:23:42 [main] INFO  com.epam.infohandling.parser.ParagraphParser - Paragraph was parsed on sentences
2018-11-27 00:23:42 [main] INFO  com.epam.infohandling.parser.ParagraphParser - Paragraph was parsed on sentences
2018-11-27 00:23:42 [main] INFO  com.epam.infohandling.parser.ParagraphParser - Paragraph was parsed on sentences
2018-11-27 00:23:42 [main] INFO  com.epam.infohandling.parser.ParagraphParser - Paragraph was parsed on sentences
2018-11-27 00:23:42 [main] INFO  com.epam.infohandling.parser.TextParser - Text was parsed on paragraphs
2018-11-27 00:27:36 [main] INFO  com.epam.infohandling.parser.ParagraphParser - Paragraph was parsed on sentences
2018-11-27 00:27:36 [main] INFO  com.epam.infohandling.parser.ParagraphParser - Paragraph was parsed on sentences
2018-11-27 00:27:36 [main] INFO  com.epam.infohandling.parser.ParagraphParser - Paragraph was parsed on sentences
2018-11-27 00:27:36 [main] INFO  com.epam.infohandling.parser.ParagraphParser - Paragraph was parsed on sentences
2018-11-27 00:27:36 [main] INFO  com.epam.infohandling.parser.TextParser - Text was parsed on paragraphs
2018-11-27 00:28:16 [main] INFO  com.epam.infohandling.parser.ParagraphParser - Paragraph was parsed on sentences
2018-11-27 00:28:16 [main] INFO  com.epam.infohandling.parser.ParagraphParser - Paragraph was parsed on sentences
2018-11-27 00:28:16 [main] INFO  com.epam.infohandling.parser.ParagraphParser - Paragraph was parsed on sentences
2018-11-27 00:28:16 [main] INFO  com.epam.infohandling.parser.ParagraphParser - Paragraph was parsed on sentences
2018-11-27 00:28:16 [main] INFO  com.epam.infohandling.parser.TextParser - Text was parsed on paragraphs
2018-11-27 00:28:16 [main] INFO  ExpressionConverter - All expressions in the text were replaced by numbers
2018-11-27 00:28:16 [main] INFO  ExpressionConverter - All expressions in the text were replaced by numbers
2018-11-27 00:28:29 [main] INFO  com.epam.infohandling.parser.ParagraphParser - Paragraph was parsed on sentences
2018-11-27 00:28:29 [main] INFO  com.epam.infohandling.parser.TextParser - Text was parsed on paragraphs
2018-11-27 00:28:29 [main] INFO  ExpressionConverter - All expressions in the text were replaced by numbers
2018-11-27 00:28:29 [main] INFO  com.epam.infohandling.parser.ParagraphParser - Paragraph was parsed on sentences
2018-11-27 00:28:29 [main] INFO  com.epam.infohandling.parser.TextParser - Text was parsed on paragraphs
2018-11-27 00:28:29 [main] INFO  ExpressionConverter - All expressions in the text were replaced by numbers
2018-11-27 00:28:29 [main] INFO  com.epam.infohandling.parser.ParagraphParser - Paragraph was parsed on sentences
2018-11-27 00:28:29 [main] INFO  com.epam.infohandling.parser.TextParser - Text was parsed on paragraphs
2018-11-27 00:28:29 [main] INFO  ExpressionConverter - All expressions in the text were replaced by numbers
2018-11-27 00:29:15 [main] INFO  ExpressionConverter - All expressions in the text were replaced by numbers
2018-11-27 00:29:15 [main] INFO  ExpressionConverter - All expressions in the text were replaced by numbers
2018-11-27 00:29:15 [main] INFO  ExpressionConverter - All expressions in the text were replaced by numbers
2018-11-27 00:44:02 [main] INFO  com.epam.infohandling.parser.TextParser - Text was parsed on paragraphs
2018-11-27 00:48:00 [main] INFO  com.epam.infohandling.parser.ParagraphParser - Paragraph was parsed on sentences
2018-11-27 00:48:29 [main] INFO  com.epam.infohandling.parser.ParagraphParser - Paragraph was parsed on sentences
2018-11-27 00:48:47 [main] INFO  com.epam.infohandling.parser.ParagraphParser - Paragraph was parsed on sentences
2018-11-27 00:49:30 [main] INFO  com.epam.infohandling.parser.ParagraphParser - Paragraph was parsed on sentences
2018-11-27 00:53:23 [main] INFO  com.epam.infohandling.parser.TextParser - Sentence was parsed on lexemes
2018-11-27 00:53:32 [main] INFO  com.epam.infohandling.parser.TextParser - Sentence was parsed on lexemes
2018-11-27 00:53:38 [main] INFO  com.epam.infohandling.parser.TextParser - Sentence was parsed on lexemes
2018-11-27 00:53:46 [main] INFO  com.epam.infohandling.parser.ParagraphParser - Paragraph was parsed on sentences
2018-11-27 00:53:46 [main] INFO  com.epam.infohandling.parser.TextParser - Sentence was parsed on lexemes
2018-11-27 00:53:46 [main] INFO  com.epam.infohandling.parser.TextParser - Text was parsed on paragraphs
2018-11-27 21:40:44 [main] INFO  com.epam.infohandling.parser.ParagraphParser - Paragraph was parsed on sentences
2018-11-27 21:40:44 [main] INFO  com.epam.infohandling.parser.TextParser - Sentence was parsed on lexemes
2018-11-27 21:40:44 [main] INFO  com.epam.infohandling.parser.TextParser - Text was parsed on paragraphs
2018-11-27 21:49:00 [main] INFO  com.epam.infohandling.parser.TextParser - Sentence was parsed on lexemes
2018-11-27 21:49:00 [main] INFO  com.epam.infohandling.parser.TextParser - Sentence was parsed on lexemes
2018-11-27 21:49:00 [main] INFO  com.epam.infohandling.parser.ParagraphParser - Paragraph was parsed on sentences
2018-11-27 21:49:00 [main] INFO  com.epam.infohandling.parser.TextParser - Sentence was parsed on lexemes
2018-11-27 21:49:00 [main] INFO  com.epam.infohandling.parser.TextParser - Sentence was parsed on lexemes
2018-11-27 21:49:00 [main] INFO  com.epam.infohandling.parser.ParagraphParser - Paragraph was parsed on sentences
2018-11-27 21:49:00 [main] INFO  com.epam.infohandling.parser.TextParser - Sentence was parsed on lexemes
2018-11-27 21:49:00 [main] INFO  com.epam.infohandling.parser.ParagraphParser - Paragraph was parsed on sentences
2018-11-27 21:49:00 [main] INFO  com.epam.infohandling.parser.TextParser - Sentence was parsed on lexemes
2018-11-27 21:49:00 [main] INFO  com.epam.infohandling.parser.ParagraphParser - Paragraph was parsed on sentences
2018-11-27 21:49:00 [main] INFO  com.epam.infohandling.parser.TextParser - Text was parsed on paragraphs
2018-11-27 21:49:00 [main] INFO  com.epam.infohandling.parser.TextParser - Sentence was parsed on lexemes
2018-11-27 21:49:00 [main] INFO  com.epam.infohandling.parser.ParagraphParser - Paragraph was parsed on sentences
2018-11-27 21:49:00 [main] INFO  com.epam.infohandling.parser.TextParser - Text was parsed on paragraphs
2018-11-27 21:49:00 [main] INFO  com.epam.infohandling.service.ExpressionConverter - All expressions in the text were replaced by numbers
2018-11-27 21:49:00 [main] INFO  com.epam.infohandling.service.ExpressionConverter - All expressions in the text were replaced by numbers
2018-11-27 21:49:00 [main] INFO  com.epam.infohandling.service.ExpressionConverter - All expressions in the text were replaced by numbers
2018-11-27 21:49:00 [main] INFO  com.epam.infohandling.service.TextOperation - Tokens was sorted in reverse order by number of mentioned symbols
2018-11-27 21:49:00 [main] INFO  com.epam.infohandling.service.TextOperation - Paragraphs was sorted by number of sentences
2018-11-27 21:49:00 [main] INFO  com.epam.infohandling.service.TextOperation - Paragraphs was sorted by number of sentences
2018-11-27 21:49:00 [main] INFO  com.epam.infohandling.service.TextOperation - Paragraphs was sorted by number of sentences
2018-11-27 21:49:00 [main] INFO  com.epam.infohandling.service.TextOperation - Paragraphs was sorted by number of sentences
2018-11-27 21:49:00 [main] INFO  com.epam.infohandling.service.TextOperation - Sentences was sorted by length of tokens
